[debug] [2018-01-14T18:25:25.092Z] ----------------------------------------------------------------------
[debug] [2018-01-14T18:25:25.094Z] Command:       /usr/local/bin/node /usr/local/bin/firebase deploy
[debug] [2018-01-14T18:25:25.095Z] CLI Version:   3.15.4
[debug] [2018-01-14T18:25:25.095Z] Platform:      darwin
[debug] [2018-01-14T18:25:25.095Z] Node Version:  v6.9.1
[debug] [2018-01-14T18:25:25.096Z] Time:          Mon Jan 15 2018 01:25:25 GMT+0700 (+07)
[debug] [2018-01-14T18:25:25.096Z] ----------------------------------------------------------------------
[debug] 
[debug] [2018-01-14T18:25:25.109Z] > command requires scopes: ["email","openid","https://www.googleapis.com/auth/cloudplatformprojects.readonly","https://www.googleapis.com/auth/firebase","https://www.googleapis.com/auth/cloud-platform"]
[debug] [2018-01-14T18:25:25.109Z] > authorizing via signed-in user
[debug] [2018-01-14T18:25:25.112Z] > refreshing access token with scopes: ["email","https://www.googleapis.com/auth/cloud-platform","https://www.googleapis.com/auth/cloudplatformprojects.readonly","https://www.googleapis.com/auth/firebase","openid"]
[debug] [2018-01-14T18:25:25.112Z] >>> HTTP REQUEST POST https://www.googleapis.com/oauth2/v3/token { refresh_token: '1/LzhLavQSc8VHp62g5T0NkGRNox9USAqOT97njbm25Zaytf18__tfraEwsSXFJvpy',
  client_id: '563584335869-fgrhgmd47bqnekij5i8b5pr03ho849e6.apps.googleusercontent.com',
  client_secret: 'j9iVZfS8kkCEFUPaAeJV0sAi',
  grant_type: 'refresh_token',
  scope: 'email https://www.googleapis.com/auth/cloud-platform https://www.googleapis.com/auth/cloudplatformprojects.readonly https://www.googleapis.com/auth/firebase openid' } 
 Mon Jan 15 2018 01:25:25 GMT+0700 (+07)
[debug] [2018-01-14T18:25:25.884Z] <<< HTTP RESPONSE 200
[debug] [2018-01-14T18:25:25.889Z] >>> HTTP REQUEST GET https://admin.firebase.com/v1/projects/sirisak-wongsura  
 Mon Jan 15 2018 01:25:25 GMT+0700 (+07)
[debug] [2018-01-14T18:25:27.576Z] <<< HTTP RESPONSE 200
[debug] [2018-01-14T18:25:27.577Z] >>> HTTP REQUEST GET https://admin.firebase.com/v1/database/sirisak-wongsura/tokens  
 Mon Jan 15 2018 01:25:27 GMT+0700 (+07)
[debug] [2018-01-14T18:25:29.116Z] <<< HTTP RESPONSE 200
[info] 
[info] === Deploying to 'sirisak-wongsura'...
[info] 
[info] i  deploying database, hosting
[info] i  database: checking rules syntax...
[debug] [2018-01-14T18:25:30.628Z] >>> HTTP REQUEST PUT https://sirisak-wongsura.firebaseio.com/.settings/rules.json?dryRun=true {
  "rules": {
    ".read": "auth != null",
    ".write": "auth != null"
  }
} 
 Mon Jan 15 2018 01:25:30 GMT+0700 (+07)
[debug] [2018-01-14T18:25:32.291Z] <<< HTTP RESPONSE 200
[info] ✔  database: rules syntax for database sirisak-wongsura is valid
[info] i  hosting: preparing build directory for upload...
[debug] [2018-01-14T18:25:32.939Z] >>> HTTP REQUEST PUT https://deploy.firebase.com/v1/hosting/sirisak-wongsura/uploads/-L2puq5GIeEbUkVh6wIa?fileCount=76&message=  
 Mon Jan 15 2018 01:25:32 GMT+0700 (+07)
[debug] [2018-01-14T18:30:39.184Z] Error: socket hang up
    at createHangUpError (_http_client.js:254:15)
    at TLSSocket.socketOnEnd (_http_client.js:346:23)
    at emitNone (events.js:91:20)
    at TLSSocket.emit (events.js:185:7)
    at endReadableNT (_stream_readable.js:974:12)
    at _combinedTickCallback (internal/process/next_tick.js:74:11)
    at process._tickDomainCallback (internal/process/next_tick.js:122:9)
[error] 
[error] Error: Server Error. socket hang up
